(base) [erich584@etuxbox ML-Project-Attendance-Counter]$ opencv_traincascade -data classifier -vec samples.vec -bg negatives.txt -numPos 5000 -numNeg 3000 -numStages 20 -precalcValBufSize 1024 -precalcIdxBufSize 1024 -featureType HAAR -minHitRate 0.999 -maxDepth 2 -mode ALL -maxFalseAlarmRate 0.5 -w 25 -h 32 | tee output_CAL_3.txt
PARAMETERS:
cascadeDirName: classifier
vecFileName: samples.vec
bgFileName: negatives.txt
numPos: 5000
numNeg: 3000
numStages: 20
precalcValBufSize[Mb] : 1024
precalcIdxBufSize[Mb] : 1024
acceptanceRatioBreakValue : -1
stageType: BOOST
featureType: HAAR
sampleWidth: 25
sampleHeight: 32
boostType: GAB
minHitRate: 0.999
maxFalseAlarmRate: 0.5
weightTrimRate: 0.95
maxDepth: 2
maxWeakCount: 100
mode: ALL
Number of unique features given windowSize [25,32] : 501437

===== TRAINING 0-stage =====
<BEGIN
POS count : consumed   5000 : 5000
NEG count : acceptanceRatio    3000 : 1
Precalculation time: 18
+----+---------+---------+
|  N |    HR   |    FA   |
+----+---------+---------+
|   1|   0.9996| 0.954333|
+----+---------+---------+
|   2|   0.9998| 0.911333|
+----+---------+---------+
|   3|   0.9992| 0.277333|
+----+---------+---------+
END>
Training until now has taken 0 days 0 hours 35 minutes 38 seconds.

===== TRAINING 1-stage =====
<BEGIN
POS count : consumed   5000 : 5004
NEG count : acceptanceRatio    3000 : 0.280348
Precalculation time: 17
+----+---------+---------+
|  N |    HR   |    FA   |
+----+---------+---------+
|   1|        1|        1|
+----+---------+---------+
|   2|   0.9996| 0.958333|
+----+---------+---------+
|   3|        1|    0.901|
+----+---------+---------+
|   4|        1|    0.372|
+----+---------+---------+
END>
Training until now has taken 0 days 1 hours 23 minutes 2 seconds.

===== TRAINING 2-stage =====
<BEGIN
POS count : consumed   5000 : 5004
NEG count : acceptanceRatio    3000 : 0.114578
Precalculation time: 17
+----+---------+---------+
|  N |    HR   |    FA   |
+----+---------+---------+
|   1|        1|        1|
+----+---------+---------+
|   2|        1| 0.979667|
+----+---------+---------+
|   3|        1|    0.982|
+----+---------+---------+
|   4|   0.9994| 0.454667|
+----+---------+---------+
END>
Training until now has taken 0 days 2 hours 10 minutes 28 seconds.

===== TRAINING 3-stage =====
<BEGIN
POS count : consumed   5000 : 5007
NEG count : acceptanceRatio    3000 : 0.0588674
Precalculation time: 17
+----+---------+---------+
|  N |    HR   |    FA   |
+----+---------+---------+
|   1|        1|        1|
+----+---------+---------+
|   2|        1|        1|
+----+---------+---------+
|   3|        1|    0.978|
+----+---------+---------+
|   4|   0.9998| 0.581333|
+----+---------+---------+
|   5|   0.9996| 0.481333|
+----+---------+---------+
END>
Training until now has taken 0 days 3 hours 7 minutes 12 seconds.

===== TRAINING 4-stage =====
<BEGIN
POS count : consumed   5000 : 5009
NEG count : acceptanceRatio    3000 : 0.0313012
Precalculation time: 17
+----+---------+---------+
|  N |    HR   |    FA   |
+----+---------+---------+
|   1|        1|        1|
+----+---------+---------+
|   2|        1| 0.971667|
+----+---------+---------+
|   3|        1| 0.891667|
+----+---------+---------+
|   4|        1| 0.708333|
+----+---------+---------+
|   5|   0.9992| 0.507333|
+----+---------+---------+
|   6|   0.9996|    0.404|
+----+---------+---------+
END>
Training until now has taken 0 days 4 hours 14 minutes 25 seconds.

===== TRAINING 5-stage =====
<BEGIN
POS count : consumed   5000 : 5011
NEG count : acceptanceRatio    3000 : 0.0137487
Precalculation time: 17
+----+---------+---------+
|  N |    HR   |    FA   |
+----+---------+---------+
|   1|        1|        1|
+----+---------+---------+
|   2|        1|        1|
+----+---------+---------+
|   3|   0.9998|     0.93|
+----+---------+---------+
|   4|   0.9992| 0.653333|
+----+---------+---------+
|   5|   0.9996| 0.606667|
+----+---------+---------+
|   6|   0.9992|    0.386|
+----+---------+---------+
END>
Training until now has taken 0 days 5 hours 21 minutes 35 seconds.

===== TRAINING 6-stage =====
<BEGIN
POS count : consumed   5000 : 5015
NEG count : acceptanceRatio    3000 : 0.00550625
Precalculation time: 17
+----+---------+---------+
|  N |    HR   |    FA   |
+----+---------+---------+
|   1|        1|        1|
+----+---------+---------+
|   2|        1|        1|
+----+---------+---------+
|   3|        1| 0.974667|
+----+---------+---------+
|   4|        1| 0.975333|
+----+---------+---------+
|   5|        1|    0.853|
+----+---------+---------+
|   6|   0.9992| 0.566667|
+----+---------+---------+
|   7|   0.9998| 0.613667|
+----+---------+---------+
|   8|   0.9998| 0.481667|
+----+---------+---------+
END>
Training until now has taken 0 days 6 hours 41 minutes 17 seconds.

===== TRAINING 7-stage =====
<BEGIN
POS count : consumed   5000 : 5016
NEG count : acceptanceRatio    3000 : 0.00281119
Precalculation time: 17
+----+---------+---------+
|  N |    HR   |    FA   |
+----+---------+---------+
|   1|        1|        1|
+----+---------+---------+
|   2|        1|        1|
+----+---------+---------+
|   3|   0.9992| 0.829333|
+----+---------+---------+
|   4|   0.9994| 0.765333|
+----+---------+---------+
|   5|   0.9996| 0.720333|
+----+---------+---------+
|   6|   0.9994|    0.585|
+----+---------+---------+
|   7|   0.9992|    0.489|
+----+---------+---------+
END>
Training until now has taken 0 days 7 hours 54 minutes 48 seconds.

===== TRAINING 8-stage =====
<BEGIN
POS count : consumed   5000 : 5020
NEG count : acceptanceRatio    3000 : 0.00150259
Precalculation time: 17
+----+---------+---------+
|  N |    HR   |    FA   |
+----+---------+---------+
|   1|        1|        1|
+----+---------+---------+
|   2|        1|        1|
+----+---------+---------+
|   3|   0.9996| 0.990667|
+----+---------+---------+
|   4|        1| 0.973333|
+----+---------+---------+
|   5|   0.9992| 0.818333|
+----+---------+---------+
|   6|   0.9998| 0.823333|
+----+---------+---------+
|   7|   0.9992| 0.520333|
+----+---------+---------+
|   8|   0.9992|    0.524|
+----+---------+---------+
|   9|   0.9994| 0.433667|
+----+---------+---------+
END>
Training until now has taken 0 days 9 hours 23 minutes 7 seconds.

===== TRAINING 9-stage =====
<BEGIN
POS count : consumed   5000 : 5023
NEG count : acceptanceRatio    3000 : 0.000657834
Precalculation time: 17
+----+---------+---------+
|  N |    HR   |    FA   |
+----+---------+---------+
|   1|        1|        1|
+----+---------+---------+
|   2|        1|        1|
+----+---------+---------+
|   3|        1|        1|
+----+---------+---------+
|   4|   0.9992| 0.856667|
+----+---------+---------+
|   5|   0.9996| 0.830667|
+----+---------+---------+
|   6|   0.9992| 0.706667|
+----+---------+---------+
|   7|   0.9994| 0.699667|
+----+---------+---------+
|   8|   0.9994| 0.579667|
+----+---------+---------+
|   9|   0.9994|    0.465|
+----+---------+---------+
END>
Training until now has taken 0 days 10 hours 50 minutes 58 seconds.

===== TRAINING 10-stage =====
<BEGIN
POS count : consumed   5000 : 5026
NEG count : acceptanceRatio    3000 : 0.000338079
Precalculation time: 17
+----+---------+---------+
|  N |    HR   |    FA   |
+----+---------+---------+
|   1|        1|        1|
+----+---------+---------+
|   2|        1|        1|
+----+---------+---------+
|   3|        1|    0.933|
+----+---------+---------+
|   4|        1|    0.943|
+----+---------+---------+
|   5|        1| 0.952667|
+----+---------+---------+
|   6|   0.9992| 0.784333|
+----+---------+---------+
|   7|   0.9996|    0.766|
+----+---------+---------+
|   8|   0.9992|     0.64|
+----+---------+---------+
|   9|   0.9992| 0.588667|
+----+---------+---------+
|  10|   0.9992| 0.444333|
+----+---------+---------+
END>
Training until now has taken 0 days 12 hours 30 minutes 56 seconds.

===== TRAINING 11-stage =====
<BEGIN
POS count : consumed   5000 : 5030
NEG count : acceptanceRatio    3000 : 0.000159605
Precalculation time: 17
+----+---------+---------+
|  N |    HR   |    FA   |
+----+---------+---------+
|   1|        1|        1|
+----+---------+---------+
|   2|   0.9996| 0.968667|
+----+---------+---------+
|   3|        1|    0.991|
+----+---------+---------+
|   4|   0.9992| 0.845333|
+----+---------+---------+
|   5|   0.9994| 0.805333|
+----+---------+---------+
|   6|   0.9992| 0.678667|
+----+---------+---------+
|   7|   0.9992|     0.56|
+----+---------+---------+
|   8|   0.9992|    0.599|
+----+---------+---------+
|   9|   0.9992|    0.547|
+----+---------+---------+
|  10|   0.9992| 0.482667|
+----+---------+---------+
END>
Training until now has taken 0 days 14 hours 11 minutes 4 seconds.

===== TRAINING 12-stage =====
<BEGIN
POS count : consumed   5000 : 5034
NEG count : acceptanceRatio    3000 : 8.36426e-05
Precalculation time: 17
+----+---------+---------+
|  N |    HR   |    FA   |
+----+---------+---------+
|   1|        1|        1|
+----+---------+---------+
|   2|        1|        1|
+----+---------+---------+
|   3|        1|        1|
+----+---------+---------+
|   4|        1|    0.997|
+----+---------+---------+
|   5|   0.9992| 0.891333|
+----+---------+---------+
|   6|   0.9992| 0.797667|
+----+---------+---------+
|   7|   0.9992| 0.736333|
+----+---------+---------+
|   8|   0.9992| 0.731667|
+----+---------+---------+
|   9|   0.9992| 0.575333|
+----+---------+---------+
|  10|   0.9992|    0.536|
+----+---------+---------+
|  11|   0.9992|    0.435|
+----+---------+---------+
END>
Training until now has taken 0 days 16 hours 1 minutes 15 seconds.

===== TRAINING 13-stage =====
<BEGIN
POS count : consumed   5000 : 5038
NEG count : acceptanceRatio    3000 : 4.22936e-05
Precalculation time: 17
+----+---------+---------+
|  N |    HR   |    FA   |
+----+---------+---------+
|   1|        1|        1|
+----+---------+---------+
|   2|        1|        1|
+----+---------+---------+
|   3|   0.9994| 0.950333|
+----+---------+---------+
|   4|   0.9994| 0.931333|
+----+---------+---------+
|   5|   0.9994|     0.93|
+----+---------+---------+
|   6|   0.9996| 0.819667|
+----+---------+---------+
|   7|   0.9996| 0.694333|
+----+---------+---------+
|   8|   0.9992| 0.677667|
+----+---------+---------+
|   9|   0.9992| 0.581667|
+----+---------+---------+
|  10|   0.9992|     0.46|
+----+---------+---------+
END>
Training until now has taken 0 days 17 hours 47 minutes 21 seconds.

===== TRAINING 14-stage =====
<BEGIN
POS count : consumed   5000 : 5042
NEG count : acceptanceRatio    3000 : 2.28926e-05
Precalculation time: 24
+----+---------+---------+
|  N |    HR   |    FA   |
+----+---------+---------+
|   1|        1|        1|
+----+---------+---------+
|   2|        1| 0.985667|
+----+---------+---------+
|   3|        1| 0.977667|
+----+---------+---------+
|   4|   0.9996|    0.927|
+----+---------+---------+
|   5|   0.9994| 0.827333|
+----+---------+---------+
|   6|   0.9992| 0.779667|
+----+---------+---------+
|   7|   0.9996| 0.706333|
+----+---------+---------+
|   8|   0.9992| 0.614333|
+----+---------+---------+
|   9|   0.9992| 0.568333|
+----+---------+---------+
|  10|   0.9992|    0.516|
+----+---------+---------+
|  11|   0.9992|    0.474|
+----+---------+---------+
END>
Training until now has taken 0 days 19 hours 53 minutes 28 seconds.

===== TRAINING 15-stage =====
<BEGIN
POS count : consumed   5000 : 5046
NEG count : acceptanceRatio    3000 : 1.24092e-05
Precalculation time: 17
+----+---------+---------+
|  N |    HR   |    FA   |
+----+---------+---------+
|   1|        1|        1|
+----+---------+---------+
|   2|        1|        1|
+----+---------+---------+
|   3|   0.9996| 0.970667|
+----+---------+---------+
|   4|        1| 0.976333|
+----+---------+---------+
|   5|   0.9992|    0.855|
+----+---------+---------+
|   6|   0.9998|    0.885|
+----+---------+---------+
|   7|   0.9992|    0.868|
+----+---------+---------+
|   8|   0.9992| 0.699667|
+----+---------+---------+
|   9|   0.9992| 0.702667|
+----+---------+---------+
|  10|   0.9992|    0.634|
+----+---------+---------+
|  11|   0.9992|    0.524|
+----+---------+---------+
|  12|   0.9992| 0.484667|
+----+---------+---------+
END>
Training until now has taken 0 days 22 hours 9 minutes 27 seconds.

===== TRAINING 16-stage =====
<BEGIN
POS count : consumed   5000 : 5050
NEG count : acceptanceRatio    3000 : 7.04821e-06
Precalculation time: 17
+----+---------+---------+
|  N |    HR   |    FA   |
+----+---------+---------+
|   1|        1|        1|
+----+---------+---------+
|   2|   0.9998| 0.997667|
+----+---------+---------+
|   3|   0.9994|    0.965|
+----+---------+---------+
|   4|   0.9996|    0.962|
+----+---------+---------+
|   5|   0.9992| 0.876333|
+----+---------+---------+
|   6|   0.9992|    0.823|
+----+---------+---------+
|   7|   0.9994|    0.792|
+----+---------+---------+
|   8|   0.9992|     0.66|
+----+---------+---------+
|   9|   0.9992| 0.619333|
+----+---------+---------+
|  10|   0.9992| 0.651667|
+----+---------+---------+
|  11|   0.9992| 0.547333|
+----+---------+---------+
|  12|   0.9992| 0.522333|
+----+---------+---------+
|  13|   0.9992| 0.455667|
+----+---------+---------+
END>
Training until now has taken 1 days 0 hours 49 minutes 47 seconds.

===== TRAINING 17-stage =====
<BEGIN
POS count : consumed   5000 : 5054
NEG count : acceptanceRatio    3000 : 3.78783e-06
Precalculation time: 17
+----+---------+---------+
|  N |    HR   |    FA   |
+----+---------+---------+
|   1|        1|        1|
+----+---------+---------+
|   2|        1|        1|
+----+---------+---------+
|   3|   0.9996|    0.919|
+----+---------+---------+
|   4|        1|     0.96|
+----+---------+---------+
|   5|        1| 0.910667|
+----+---------+---------+
|   6|        1| 0.892333|
+----+---------+---------+
|   7|   0.9992|    0.763|
+----+---------+---------+
|   8|   0.9992| 0.757333|
+----+---------+---------+
|   9|   0.9992|    0.718|
+----+---------+---------+
|  10|   0.9992| 0.568667|
+----+---------+---------+
|  11|   0.9992| 0.522667|
+----+---------+---------+
|  12|   0.9992|    0.499|
+----+---------+---------+
END>
Training until now has taken 1 days 3 hours 51 minutes 38 seconds.

===== TRAINING 18-stage =====
<BEGIN
POS count : consumed   5000 : 5058
NEG count : acceptanceRatio    3000 : 2.20537e-06
Precalculation time: 18
+----+---------+---------+
|  N |    HR   |    FA   |
+----+---------+---------+
|   1|        1|        1|
+----+---------+---------+
|   2|   0.9996| 0.960333|
+----+---------+---------+
|   3|   0.9996|    0.975|
+----+---------+---------+
|   4|        1| 0.992333|
+----+---------+---------+
|   5|   0.9996| 0.904333|
+----+---------+---------+
|   6|   0.9992|    0.926|
+----+---------+---------+
|   7|   0.9994| 0.851333|
+----+---------+---------+
|   8|   0.9992| 0.771333|
+----+---------+---------+
|   9|   0.9992| 0.727667|
+----+---------+---------+
|  10|   0.9992| 0.732333|
+----+---------+---------+
|  11|   0.9992| 0.633667|
+----+---------+---------+
|  12|   0.9992|     0.58|
+----+---------+---------+
|  13|   0.9992| 0.503667|
+----+---------+---------+
|  14|   0.9992| 0.456333|
+----+---------+---------+
END>
Training until now has taken 1 days 8 hours 1 minutes 30 seconds.

===== TRAINING 19-stage =====
<BEGIN
POS count : consumed   5000 : 5062
NEG count : acceptanceRatio    3000 : 1.05314e-06
Precalculation time: 17
+----+---------+---------+
|  N |    HR   |    FA   |
+----+---------+---------+
|   1|        1|        1|
+----+---------+---------+
|   2|        1|        1|
+----+---------+---------+
|   3|   0.9992| 0.969333|
+----+---------+---------+
|   4|   0.9996|    0.923|
+----+---------+---------+
|   5|   0.9992|    0.881|
+----+---------+---------+
|   6|   0.9992| 0.877333|
+----+---------+---------+
|   7|   0.9994| 0.871333|
+----+---------+---------+
|   8|   0.9992| 0.755333|
+----+---------+---------+
|   9|   0.9992|    0.759|
+----+---------+---------+
|  10|   0.9992|    0.676|
+----+---------+---------+
|  11|   0.9992|    0.634|
+----+---------+---------+
|  12|   0.9992|    0.555|
+----+---------+---------+
|  13|   0.9992| 0.458667|
+----+---------+---------+
END>
Training until now has taken 1 days 13 hours 54 minutes 18 seconds.
