(base) [erich584@etuxbox ML-Project-Attendance-Counter]$ opencv_traincascade -data classifier -vec samples.vec -bg negatives.txt -numPos 4350 -numNeg 3000 -numStages 20 -acceptanceRatioBreakValue 10e-5 -precalcValBufSize 2048 -precalcIdxBufSize 2048 -featureType HAAR -minHitRate 0.999 -maxDepth 2 -mode ALL -maxFalseAlarmRate 0.5 -w 25 -h 32 | tee output_5.log
PARAMETERS:
cascadeDirName: classifier
vecFileName: samples.vec
bgFileName: negatives.txt
numPos: 4350
numNeg: 3000
numStages: 20
precalcValBufSize[Mb] : 2048
precalcIdxBufSize[Mb] : 2048
acceptanceRatioBreakValue : 0.0001
stageType: BOOST
featureType: HAAR
sampleWidth: 25
sampleHeight: 32
boostType: GAB
minHitRate: 0.999
maxFalseAlarmRate: 0.5
weightTrimRate: 0.95
maxDepth: 2
maxWeakCount: 100
mode: ALL
Number of unique features given windowSize [25,32] : 501437

===== TRAINING 0-stage =====
<BEGIN
POS count : consumed   4350 : 4350
NEG count : acceptanceRatio    3000 : 1
Precalculation time: 31
+----+---------+---------+
|  N |    HR   |    FA   |
+----+---------+---------+
|   1|        1|        1|
+----+---------+---------+
|   2|  0.99977|    0.934|
+----+---------+---------+
|   3|  0.99977| 0.940333|
+----+---------+---------+
|   4|  0.99931|    0.276|
+----+---------+---------+
END>
Training until now has taken 0 days 0 hours 38 minutes 13 seconds.

===== TRAINING 1-stage =====
<BEGIN
POS count : consumed   4350 : 4353
NEG count : acceptanceRatio    3000 : 0.284279
Precalculation time: 29
+----+---------+---------+
|  N |    HR   |    FA   |
+----+---------+---------+
|   1|        1|        1|
+----+---------+---------+
|   2|        1|        1|
+----+---------+---------+
|   3|  0.99977| 0.952333|
+----+---------+---------+
|   4|  0.99931| 0.364333|
+----+---------+---------+
END>
Training until now has taken 0 days 1 hours 16 minutes 21 seconds.

===== TRAINING 2-stage =====
<BEGIN
POS count : consumed   4350 : 4356
NEG count : acceptanceRatio    3000 : 0.106614
Precalculation time: 29
+----+---------+---------+
|  N |    HR   |    FA   |
+----+---------+---------+
|   1|        1|        1|
+----+---------+---------+
|   2|        1|        1|
+----+---------+---------+
|   3|        1| 0.973667|
+----+---------+---------+
|   4|  0.99908| 0.515333|
+----+---------+---------+
|   5|  0.99931|     0.44|
+----+---------+---------+
END>
Training until now has taken 0 days 2 hours 3 minutes 45 seconds.

===== TRAINING 3-stage =====
<BEGIN
POS count : consumed   4350 : 4359
NEG count : acceptanceRatio    3000 : 0.0497257
Precalculation time: 30
+----+---------+---------+
|  N |    HR   |    FA   |
+----+---------+---------+
|   1|        1|        1|
+----+---------+---------+
|   2|        1|        1|
+----+---------+---------+
|   3|        1|        1|
+----+---------+---------+
|   4|  0.99977| 0.653667|
+----+---------+---------+
|   5|  0.99908|    0.357|
+----+---------+---------+
END>
Training until now has taken 0 days 2 hours 48 minutes 47 seconds.

===== TRAINING 4-stage =====
<BEGIN
POS count : consumed   4350 : 4363
NEG count : acceptanceRatio    3000 : 0.0189297
Precalculation time: 30
+----+---------+---------+
|  N |    HR   |    FA   |
+----+---------+---------+
|   1|        1|        1|
+----+---------+---------+
|   2|        1|        1|
+----+---------+---------+
|   3|        1|        1|
+----+---------+---------+
|   4|  0.99954| 0.799333|
+----+---------+---------+
|   5|  0.99908| 0.673667|
+----+---------+---------+
|   6|  0.99931| 0.453333|
+----+---------+---------+
END>
Training until now has taken 0 days 3 hours 40 minutes 55 seconds.

===== TRAINING 5-stage =====
<BEGIN
POS count : consumed   4350 : 4366
NEG count : acceptanceRatio    3000 : 0.00973937
Precalculation time: 30
+----+---------+---------+
|  N |    HR   |    FA   |
+----+---------+---------+
|   1|        1|        1|
+----+---------+---------+
|   2|        1|        1|
+----+---------+---------+
|   3|        1|        1|
+----+---------+---------+
|   4|        1|    0.903|
+----+---------+---------+
|   5|  0.99908| 0.705333|
+----+---------+---------+
|   6|  0.99908| 0.574333|
+----+---------+---------+
|   7|  0.99908|    0.559|
+----+---------+---------+
|   8|  0.99908| 0.461667|
+----+---------+---------+
END>
Training until now has taken 0 days 4 hours 44 minutes 38 seconds.

===== TRAINING 6-stage =====
<BEGIN
POS count : consumed   4350 : 4370
NEG count : acceptanceRatio    3000 : 0.004411
Precalculation time: 30
+----+---------+---------+
|  N |    HR   |    FA   |
+----+---------+---------+
|   1|        1|        1|
+----+---------+---------+
|   2|        1|        1|
+----+---------+---------+
|   3|        1|        1|
+----+---------+---------+
|   4|  0.99931| 0.761667|
+----+---------+---------+
|   5|  0.99908| 0.611667|
+----+---------+---------+
|   6|  0.99977|    0.581|
+----+---------+---------+
|   7|  0.99908|    0.442|
+----+---------+---------+
END>
Training until now has taken 0 days 5 hours 44 minutes 9 seconds.

===== TRAINING 7-stage =====
<BEGIN
POS count : consumed   4350 : 4374
NEG count : acceptanceRatio    3000 : 0.00214065
Precalculation time: 30
+----+---------+---------+
|  N |    HR   |    FA   |
+----+---------+---------+
|   1|        1|        1|
+----+---------+---------+
|   2|        1|        1|
+----+---------+---------+
|   3|  0.99954| 0.861667|
+----+---------+---------+
|   4|  0.99931| 0.744667|
+----+---------+---------+
|   5|  0.99931| 0.770667|
+----+---------+---------+
|   6|  0.99931| 0.645333|
+----+---------+---------+
|   7|  0.99908| 0.530667|
+----+---------+---------+
|   8|  0.99908| 0.406333|
+----+---------+---------+
END>
Training until now has taken 0 days 6 hours 49 minutes 43 seconds.

===== TRAINING 8-stage =====
<BEGIN
POS count : consumed   4350 : 4378
NEG count : acceptanceRatio    3000 : 0.000903971
Precalculation time: 30
+----+---------+---------+
|  N |    HR   |    FA   |
+----+---------+---------+
|   1|        1|        1|
+----+---------+---------+
|   2|        1|        1|
+----+---------+---------+
|   3|  0.99977| 0.869333|
+----+---------+---------+
|   4|  0.99931| 0.855333|
+----+---------+---------+
|   5|  0.99908|    0.716|
+----+---------+---------+
|   6|  0.99908| 0.629333|
+----+---------+---------+
|   7|  0.99908| 0.677333|
+----+---------+---------+
|   8|  0.99908|     0.57|
+----+---------+---------+
|   9|  0.99908| 0.436667|
+----+---------+---------+
END>
Training until now has taken 0 days 8 hours 3 minutes 19 seconds.

===== TRAINING 9-stage =====
<BEGIN
POS count : consumed   4350 : 4382
NEG count : acceptanceRatio    3000 : 0.00042441
Precalculation time: 30
+----+---------+---------+
|  N |    HR   |    FA   |
+----+---------+---------+
|   1|        1|        1|
+----+---------+---------+
|   2|        1|        1|
+----+---------+---------+
|   3|        1|        1|
+----+---------+---------+
|   4|        1|        1|
+----+---------+---------+
|   5|  0.99908| 0.791667|
+----+---------+---------+
|   6|  0.99908|    0.775|
+----+---------+---------+
|   7|  0.99908| 0.648667|
+----+---------+---------+
|   8|  0.99908| 0.538667|
+----+---------+---------+
|   9|  0.99931|    0.467|
+----+---------+---------+
END>
Training until now has taken 0 days 9 hours 16 minutes 54 seconds.

===== TRAINING 10-stage =====
<BEGIN
POS count : consumed   4350 : 4385
NEG count : acceptanceRatio    3000 : 0.000207637
Precalculation time: 30
+----+---------+---------+
|  N |    HR   |    FA   |
+----+---------+---------+
|   1|        1|        1|
+----+---------+---------+
|   2|        1|        1|
+----+---------+---------+
|   3|        1|        1|
+----+---------+---------+
|   4|  0.99931|    0.882|
+----+---------+---------+
|   5|  0.99954| 0.823333|
+----+---------+---------+
|   6|  0.99931| 0.606333|
+----+---------+---------+
|   7|  0.99908| 0.648333|
+----+---------+---------+
|   8|  0.99931|    0.499|
+----+---------+---------+
END>
Training until now has taken 0 days 10 hours 25 minutes 55 seconds.

===== TRAINING 11-stage =====
<BEGIN
POS count : consumed   4350 : 4388
NEG count : acceptanceRatio    3000 : 0.00010991
Precalculation time: 30
+----+---------+---------+
|  N |    HR   |    FA   |
+----+---------+---------+
|   1|        1|        1|
+----+---------+---------+
|   2|  0.99954|    0.987|
+----+---------+---------+
|   3|  0.99954| 0.964333|
+----+---------+---------+
|   4|  0.99931|    0.911|
+----+---------+---------+
|   5|  0.99908| 0.807333|
+----+---------+---------+
|   6|  0.99908| 0.747667|
+----+---------+---------+
|   7|  0.99954| 0.769667|
+----+---------+---------+
|   8|  0.99908|    0.658|
+----+---------+---------+
|   9|  0.99908|    0.626|
+----+---------+---------+
|  10|  0.99908| 0.592667|
+----+---------+---------+
|  11|  0.99908| 0.437333|
+----+---------+---------+
END>
Training until now has taken 0 days 11 hours 54 minutes 0 seconds.

===== TRAINING 12-stage =====
<BEGIN
POS count : consumed   4350 : 4392
NEG count : acceptanceRatio    3000 : 5.37529e-05
The required acceptanceRatio for the model has been reached to avoid overfitting of trainingdata. Branch training terminated.
