(base) [erich584@etuxbox ML-Project-Attendance-Counter]$ opencv_traincascade -data classifier -vec samples.vec -bg negatives.txt -numPos 1000 -numNeg 600 -numStages 20 -acceptanceRatioBreakValue 10e-5 -precalcValBufSize 2048 -precalcIdxBufSize 2048 -featureType HAAR -minHitRate 0.999 -maxDepth 2 -mode ALL -maxFalseAlarmRate 0.5 -w 50 -h 64 | tee output_3_e_5.log
PARAMETERS:
cascadeDirName: classifier
vecFileName: samples.vec
bgFileName: negatives.txt
numPos: 1000
numNeg: 600
numStages: 20
precalcValBufSize[Mb] : 2048
precalcIdxBufSize[Mb] : 2048
acceptanceRatioBreakValue : 0.0001
stageType: BOOST
featureType: HAAR
sampleWidth: 50
sampleHeight: 64
boostType: GAB
minHitRate: 0.999
maxFalseAlarmRate: 0.5
weightTrimRate: 0.95
maxDepth: 2
maxWeakCount: 100
mode: ALL
Number of unique features given windowSize [50,64] : 8129144

===== TRAINING 0-stage =====
<BEGIN
POS count : consumed   1000 : 1000
NEG count : acceptanceRatio    600 : 1
Precalculation time: 25
+----+---------+---------+
|  N |    HR   |    FA   |
+----+---------+---------+
|   1|        1|        1|
+----+---------+---------+
|   2|        1|      0.1|
+----+---------+---------+
END>
Training until now has taken 0 days 1 hours 8 minutes 28 seconds.

===== TRAINING 1-stage =====
<BEGIN
POS count : consumed   1000 : 1000
NEG count : acceptanceRatio    600 : 0.154281
Precalculation time: 26
+----+---------+---------+
|  N |    HR   |    FA   |
+----+---------+---------+
|   1|        1|        1|
+----+---------+---------+
|   2|        1| 0.928333|
+----+---------+---------+
|   3|        1| 0.353333|
+----+---------+---------+
END>
Training until now has taken 0 days 2 hours 51 minutes 3 seconds.

===== TRAINING 2-stage =====
<BEGIN
POS count : consumed   1000 : 1000
NEG count : acceptanceRatio    600 : 0.0656096
Precalculation time: 25
+----+---------+---------+
|  N |    HR   |    FA   |
+----+---------+---------+
|   1|        1|        1|
+----+---------+---------+
|   2|        1| 0.888333|
+----+---------+---------+
|   3|        1|     0.48|
+----+---------+---------+
END>
Training until now has taken 0 days 4 hours 32 minutes 3 seconds.

===== TRAINING 3-stage =====
<BEGIN
POS count : consumed   1000 : 1000
NEG count : acceptanceRatio    600 : 0.0394477
Precalculation time: 26
+----+---------+---------+
|  N |    HR   |    FA   |
+----+---------+---------+
|   1|        1|        1|
+----+---------+---------+
|   2|        1|     0.89|
+----+---------+---------+
|   3|        1| 0.376667|
+----+---------+---------+
END>
Training until now has taken 0 days 6 hours 13 minutes 29 seconds.

===== TRAINING 4-stage =====
<BEGIN
POS count : consumed   1000 : 1000
NEG count : acceptanceRatio    600 : 0.0147388
Precalculation time: 25
+----+---------+---------+
|  N |    HR   |    FA   |
+----+---------+---------+
|   1|        1|     0.89|
+----+---------+---------+
|   2|        1|      0.9|
+----+---------+---------+
|   3|        1| 0.431667|
+----+---------+---------+
END>
Training until now has taken 0 days 7 hours 53 minutes 14 seconds.

===== TRAINING 5-stage =====
<BEGIN
POS count : consumed   1000 : 1000
NEG count : acceptanceRatio    600 : 0.00795672
Precalculation time: 25
+----+---------+---------+
|  N |    HR   |    FA   |
+----+---------+---------+
|   1|        1|        1|
+----+---------+---------+
|   2|        1|    0.945|
+----+---------+---------+
|   3|        1|     0.57|
+----+---------+---------+
|   4|        1| 0.458333|
+----+---------+---------+
END>
Training until now has taken 0 days 10 hours 6 minutes 46 seconds.

===== TRAINING 6-stage =====
<BEGIN
POS count : consumed   1000 : 1000
NEG count : acceptanceRatio    600 : 0.00339914
Precalculation time: 25
+----+---------+---------+
|  N |    HR   |    FA   |
+----+---------+---------+
|   1|        1|        1|
+----+---------+---------+
|   2|        1|    0.945|
+----+---------+---------+
|   3|        1| 0.641667|
+----+---------+---------+
|   4|        1| 0.341667|
+----+---------+---------+
END>
Training until now has taken 0 days 12 hours 20 minutes 10 seconds.

===== TRAINING 7-stage =====
<BEGIN
POS count : consumed   1000 : 1000
NEG count : acceptanceRatio    600 : 0.00147713
Precalculation time: 25
+----+---------+---------+
|  N |    HR   |    FA   |
+----+---------+---------+
|   1|        1|        1|
+----+---------+---------+
|   2|        1| 0.966667|
+----+---------+---------+
|   3|        1| 0.613333|
+----+---------+---------+
|   4|        1|     0.27|
+----+---------+---------+
END>
Training until now has taken 0 days 14 hours 35 minutes 2 seconds.

===== TRAINING 8-stage =====
<BEGIN
POS count : consumed   1000 : 1000
NEG count : acceptanceRatio    600 : 0.000657756
Precalculation time: 25
+----+---------+---------+
|  N |    HR   |    FA   |
+----+---------+---------+
|   1|        1|        1|
+----+---------+---------+
|   2|        1| 0.993333|
+----+---------+---------+
|   3|        1| 0.543333|
+----+---------+---------+
|   4|        1|    0.415|
+----+---------+---------+
END>
Training until now has taken 0 days 16 hours 46 minutes 46 seconds.

===== TRAINING 9-stage =====
<BEGIN
POS count : consumed   1000 : 1000
NEG count : acceptanceRatio    600 : 0.000355324
Precalculation time: 26
+----+---------+---------+
|  N |    HR   |    FA   |
+----+---------+---------+
|   1|        1|        1|
+----+---------+---------+
|   2|        1|     0.88|
+----+---------+---------+
|   3|        1|    0.815|
+----+---------+---------+
|   4|        1|    0.525|
+----+---------+---------+
|   5|        1| 0.296667|
+----+---------+---------+
END>
Training until now has taken 0 days 19 hours 25 minutes 0 seconds.

===== TRAINING 10-stage =====
<BEGIN
POS count : consumed   1000 : 1000
NEG count : acceptanceRatio    600 : 0.000141984
Precalculation time: 26
+----+---------+---------+
|  N |    HR   |    FA   |
+----+---------+---------+
|   1|        1|        1|
+----+---------+---------+
|   2|        1| 0.768333|
+----+---------+---------+
|   3|        1| 0.846667|
+----+---------+---------+
|   4|        1| 0.553333|
+----+---------+---------+
|   5|        1| 0.288333|
+----+---------+---------+
END>
Training until now has taken 0 days 22 hours 6 minutes 6 seconds.

===== TRAINING 11-stage =====
<BEGIN
POS count : consumed   1000 : 1000
NEG count : acceptanceRatio    600 : 6.11902e-05
The required acceptanceRatio for the model has been reached to avoid overfitting of trainingdata. Branch training terminated.

