(base) [erich584@etuxbox ML-Project-Attendance-Counter]$ opencv_traincascade -data classifier -vec samples.vec -bg negatives.txt -numPos 5000 -numNeg 3000 -numStages 20 -acceptanceRatioBreakValue 10e-5 -precalcValBufSize 1024 -precalcIdxBufSize 1024 -featureType HAAR -minHitRate 0.999 -maxDepth 2 -mode ALL -maxFalseAlarmRate 0.5 -w 25 -h 32 | tee output_4.log
---------------------------------------------------------------------------------
Training parameters are pre-loaded from the parameter file in data folder!
Please empty this folder if you want to use a NEW set of training parameters.
---------------------------------------------------------------------------------
PARAMETERS:
cascadeDirName: classifier
vecFileName: samples.vec
bgFileName: negatives.txt
numPos: 5000
numNeg: 3000
numStages: 20
precalcValBufSize[Mb] : 1024
precalcIdxBufSize[Mb] : 1024
acceptanceRatioBreakValue : 0.0001
stageType: BOOST
featureType: HAAR
sampleWidth: 25
sampleHeight: 32
boostType: GAB
minHitRate: 0.999
maxFalseAlarmRate: 0.5
weightTrimRate: 0.95
maxDepth: 2
maxWeakCount: 100
mode: ALL
Number of unique features given windowSize [25,32] : 501437

Stages 0-7 are loaded

===== TRAINING 8-stage =====
<BEGIN
POS count : consumed   5000 : 5023
NEG count : acceptanceRatio    3000 : 0.00128953
Precalculation time: 18
+----+---------+---------+
|  N |    HR   |    FA   |
+----+---------+---------+
|   1|        1|        1|
+----+---------+---------+
|   2|        1|        1|
+----+---------+---------+
|   3|        1| 0.971333|
+----+---------+---------+
|   4|        1|    0.692|
+----+---------+---------+
|   5|   0.9992| 0.788667|
+----+---------+---------+
|   6|   0.9994|    0.685|
+----+---------+---------+
|   7|   0.9994| 0.553667|
+----+---------+---------+
|   8|   0.9994|    0.483|
+----+---------+---------+
END>
Training until now has taken 0 days 1 hours 31 minutes 40 seconds.

===== TRAINING 9-stage =====
<BEGIN
POS count : consumed   5000 : 5026
NEG count : acceptanceRatio    3000 : 0.00067786
Precalculation time: 20
+----+---------+---------+
|  N |    HR   |    FA   |
+----+---------+---------+
|   1|        1|        1|
+----+---------+---------+
|   2|        1|        1|
+----+---------+---------+
|   3|   0.9998| 0.966667|
+----+---------+---------+
|   4|   0.9996| 0.923333|
+----+---------+---------+
|   5|   0.9998| 0.950667|
+----+---------+---------+
|   6|   0.9994|    0.777|
+----+---------+---------+
|   7|   0.9992| 0.625333|
+----+---------+---------+
|   8|   0.9992|    0.664|
+----+---------+---------+
|   9|   0.9994| 0.521333|
+----+---------+---------+
|  10|   0.9992| 0.418667|
+----+---------+---------+
END>
Training until now has taken 0 days 3 hours 14 minutes 27 seconds.

===== TRAINING 10-stage =====
<BEGIN
POS count : consumed   5000 : 5030
NEG count : acceptanceRatio    3000 : 0.000318883
Precalculation time: 16
+----+---------+---------+
|  N |    HR   |    FA   |
+----+---------+---------+
|   1|        1|        1|
+----+---------+---------+
|   2|        1|        1|
+----+---------+---------+
|   3|   0.9992| 0.833333|
+----+---------+---------+
|   4|   0.9996| 0.847667|
+----+---------+---------+
|   5|   0.9992| 0.846667|
+----+---------+---------+
|   6|   0.9996| 0.766667|
+----+---------+---------+
|   7|   0.9992| 0.753333|
+----+---------+---------+
|   8|   0.9992| 0.695667|
+----+---------+---------+
|   9|   0.9992| 0.504667|
+----+---------+---------+
|  10|   0.9992|    0.401|
+----+---------+---------+
END>
Training until now has taken 0 days 4 hours 53 minutes 19 seconds.

===== TRAINING 11-stage =====
<BEGIN
POS count : consumed   5000 : 5034
NEG count : acceptanceRatio    3000 : 0.000142739
Precalculation time: 15
+----+---------+---------+
|  N |    HR   |    FA   |
+----+---------+---------+
|   1|        1|        1|
+----+---------+---------+
|   2|        1|        1|
+----+---------+---------+
|   3|        1|        1|
+----+---------+---------+
|   4|   0.9994| 0.893667|
+----+---------+---------+
|   5|   0.9994| 0.782333|
+----+---------+---------+
|   6|   0.9992|    0.742|
+----+---------+---------+
|   7|   0.9994| 0.754667|
+----+---------+---------+
|   8|   0.9992| 0.617667|
+----+---------+---------+
|   9|   0.9992| 0.601333|
+----+---------+---------+
|  10|   0.9992| 0.499333|
+----+---------+---------+
END>
Training until now has taken 0 days 6 hours 31 minutes 32 seconds.

===== TRAINING 12-stage =====
<BEGIN
POS count : consumed   5000 : 5038
NEG count : acceptanceRatio    3000 : 7.39083e-05
The required acceptanceRatio for the model has been reached to avoid overfitting of trainingdata. Branch training terminated.

(base) [erich584@etuxbox ML-Project-Attendance-Counter]$ opencv_traincascade -data classifier -vec samples.vec -bg negatives.txt -numPos 5000 -numNeg 3000 -numStages 20 -acceptanceRatioBreakValue 10e-6 -precalcValBufSize 1024 -precalcIdxBufSize 1024 -featureType HAAR -minHitRate 0.999 -maxDepth 2 -mode ALL -maxFalseAlarmRate 0.5 -w 25 -h 32 | tee output_4.log
---------------------------------------------------------------------------------
Training parameters are pre-loaded from the parameter file in data folder!
Please empty this folder if you want to use a NEW set of training parameters.
---------------------------------------------------------------------------------
PARAMETERS:
cascadeDirName: classifier
vecFileName: samples.vec
bgFileName: negatives.txt
numPos: 5000
numNeg: 3000
numStages: 20
precalcValBufSize[Mb] : 1024
precalcIdxBufSize[Mb] : 1024
acceptanceRatioBreakValue : 1e-05
stageType: BOOST
featureType: HAAR
sampleWidth: 25
sampleHeight: 32
boostType: GAB
minHitRate: 0.999
maxFalseAlarmRate: 0.5
weightTrimRate: 0.95
maxDepth: 2
maxWeakCount: 100
mode: ALL
Number of unique features given windowSize [25,32] : 501437

Stages 0-11 are loaded

===== TRAINING 12-stage =====
<BEGIN
POS count : consumed   5000 : 5038
NEG count : acceptanceRatio    3000 : 6.96675e-05
Precalculation time: 16
+----+---------+---------+
|  N |    HR   |    FA   |
+----+---------+---------+
|   1|        1|        1|
+----+---------+---------+
|   2|        1|        1|
+----+---------+---------+
|   3|   0.9994|    0.937|
+----+---------+---------+
|   4|        1|    0.913|
+----+---------+---------+
|   5|        1| 0.940333|
+----+---------+---------+
|   6|   0.9996| 0.783333|
+----+---------+---------+
|   7|   0.9992| 0.783667|
+----+---------+---------+
|   8|   0.9992|    0.755|
+----+---------+---------+
|   9|   0.9992| 0.686333|
+----+---------+---------+
|  10|   0.9992| 0.664333|
+----+---------+---------+
|  11|   0.9992| 0.520667|
+----+---------+---------+
|  12|   0.9992| 0.495667|
+----+---------+---------+
END>
Training until now has taken 0 days 1 hours 56 minutes 2 seconds.

===== TRAINING 13-stage =====
<BEGIN
POS count : consumed   5000 : 5042
NEG count : acceptanceRatio    3000 : 4.1145e-05
Precalculation time: 16
+----+---------+---------+
|  N |    HR   |    FA   |
+----+---------+---------+
|   1|        1|        1|
+----+---------+---------+
|   2|        1|        1|
+----+---------+---------+
|   3|        1| 0.988667|
+----+---------+---------+
|   4|        1| 0.982333|
+----+---------+---------+
|   5|   0.9994|    0.903|
+----+---------+---------+
|   6|   0.9992| 0.874333|
+----+---------+---------+
|   7|   0.9996| 0.829667|
+----+---------+---------+
|   8|   0.9996| 0.731667|
+----+---------+---------+
|   9|   0.9992| 0.623333|
+----+---------+---------+
|  10|   0.9992|    0.487|
+----+---------+---------+
END>
Training until now has taken 0 days 3 hours 39 minutes 2 seconds.

===== TRAINING 14-stage =====
<BEGIN
POS count : consumed   5000 : 5046
NEG count : acceptanceRatio    3000 : 2.20575e-05
Precalculation time: 15
+----+---------+---------+
|  N |    HR   |    FA   |
+----+---------+---------+
|   1|        1|        1|
+----+---------+---------+
|   2|        1|        1|
+----+---------+---------+
|   3|        1| 0.979667|
+----+---------+---------+
|   4|   0.9996| 0.898667|
+----+---------+---------+
|   5|   0.9992| 0.806667|
+----+---------+---------+
|   6|   0.9992| 0.768333|
+----+---------+---------+
|   7|   0.9992| 0.762333|
+----+---------+---------+
|   8|   0.9992| 0.746667|
+----+---------+---------+
|   9|   0.9992|    0.724|
+----+---------+---------+
|  10|   0.9992| 0.680333|
+----+---------+---------+
|  11|   0.9992|    0.558|
+----+---------+---------+
|  12|   0.9992|    0.545|
+----+---------+---------+
|  13|   0.9992| 0.439333|
+----+---------+---------+
END>
Training until now has taken 0 days 5 hours 53 minutes 10 seconds.

===== TRAINING 15-stage =====
<BEGIN
POS count : consumed   5000 : 5050
NEG count : acceptanceRatio    3000 : 1.13267e-05
Precalculation time: 15
+----+---------+---------+
|  N |    HR   |    FA   |
+----+---------+---------+
|   1|        1|        1|
+----+---------+---------+
|   2|        1|    0.999|
+----+---------+---------+
|   3|        1|    0.935|
+----+---------+---------+
|   4|   0.9992| 0.935667|
+----+---------+---------+
|   5|   0.9998| 0.938333|
+----+---------+---------+
|   6|   0.9994| 0.854333|
+----+---------+---------+
|   7|   0.9992| 0.828333|
+----+---------+---------+
|   8|   0.9992| 0.779333|
+----+---------+---------+
|   9|   0.9992| 0.722667|
+----+---------+---------+
|  10|   0.9992|    0.614|
+----+---------+---------+
|  11|   0.9992| 0.527333|
+----+---------+---------+
|  12|   0.9992| 0.497667|
+----+---------+---------+
END>
Training until now has taken 0 days 8 hours 7 minutes 38 seconds.

===== TRAINING 16-stage =====
<BEGIN
POS count : consumed   5000 : 5054
NEG count : acceptanceRatio    3000 : 5.95709e-06
The required acceptanceRatio for the model has been reached to avoid overfitting of trainingdata. Branch training terminated.

