===== TRAINING 0-stage =====
<BEGIN
POS count : consumed   2500 : 2500
NEG count : acceptanceRatio    1500 : 1
Precalculation time: 16
+----+---------+---------+
|  N |    HR   |    FA   |
+----+---------+---------+
|   1|        1|        1|
+----+---------+---------+
|   2|        1| 0.934667|
+----+---------+---------+
|   3|        1|    0.256|
+----+---------+---------+
END>
Training until now has taken 0 days 0 hours 14 minutes 25 seconds.

===== TRAINING 1-stage =====
<BEGIN
POS count : consumed   2500 : 2500
NEG count : acceptanceRatio    1500 : 0.30631
Precalculation time: 15
+----+---------+---------+
|  N |    HR   |    FA   |
+----+---------+---------+
|   1|   0.9992| 0.950667|
+----+---------+---------+
|   2|        1| 0.921333|
+----+---------+---------+
|   3|   0.9996| 0.349333|
+----+---------+---------+
END>
Training until now has taken 0 days 0 hours 29 minutes 8 seconds.

===== TRAINING 2-stage =====
<BEGIN
POS count : consumed   2500 : 2501
NEG count : acceptanceRatio    1500 : 0.14918
Precalculation time: 15
+----+---------+---------+
|  N |    HR   |    FA   |
+----+---------+---------+
|   1|        1|        1|
+----+---------+---------+
|   2|        1| 0.955333|
+----+---------+---------+
|   3|        1| 0.522667|
+----+---------+---------+
|   4|        1|    0.448|
+----+---------+---------+
END>
Training until now has taken 0 days 0 hours 48 minutes 44 seconds.

===== TRAINING 3-stage =====
<BEGIN
POS count : consumed   2500 : 2501
NEG count : acceptanceRatio    1500 : 0.0695733
Precalculation time: 15
+----+---------+---------+
|  N |    HR   |    FA   |
+----+---------+---------+
^C
(base) [erich584@etuxbox ML-Project-Attendance-Counter]$ opencv_traincascade -data classifier -vec samples.vec -bg negatives.txt -numPos 2500 -numNeg 1500 -numStages 20 -acceptanceRatioBreakValue 10e-5 -precalcValBufSize 1024 -precalcIdxBufSize 1024 -featureType HAAR -minHitRate 0.999 -maxDepth 2 -mode ALL -maxFalseAlarmRate 0.5 -w 25 -h 32 | tee output_4_e_5.log
---------------------------------------------------------------------------------
Training parameters are pre-loaded from the parameter file in data folder!
Please empty this folder if you want to use a NEW set of training parameters.
---------------------------------------------------------------------------------
PARAMETERS:
cascadeDirName: classifier
vecFileName: samples.vec
bgFileName: negatives.txt
numPos: 2500
numNeg: 1500
numStages: 20
precalcValBufSize[Mb] : 1024
precalcIdxBufSize[Mb] : 1024
acceptanceRatioBreakValue : 0.0001
stageType: BOOST
featureType: HAAR
sampleWidth: 25
sampleHeight: 32
boostType: GAB
minHitRate: 0.999
maxFalseAlarmRate: 0.5
weightTrimRate: 0.95
maxDepth: 2
maxWeakCount: 100
mode: ALL
Number of unique features given windowSize [25,32] : 501437

Stages 0-2 are loaded

===== TRAINING 3-stage =====
<BEGIN
POS count : consumed   2500 : 2501
NEG count : acceptanceRatio    1500 : 0.0640068
Precalculation time: 15
+----+---------+---------+
|  N |    HR   |    FA   |
+----+---------+---------+
|   1|        1|        1|
+----+---------+---------+
|   2|   0.9992| 0.953333|
+----+---------+---------+
|   3|        1| 0.970667|
+----+---------+---------+
|   4|   0.9996| 0.470667|
+----+---------+---------+
END>
Training until now has taken 0 days 0 hours 19 minutes 26 seconds.

===== TRAINING 4-stage =====
<BEGIN
POS count : consumed   2500 : 2502
NEG count : acceptanceRatio    1500 : 0.0356557
Precalculation time: 14
+----+---------+---------+
|  N |    HR   |    FA   |
+----+---------+---------+
|   1|        1|        1|
+----+---------+---------+
|   2|   0.9996| 0.838667|
+----+---------+---------+
|   3|        1| 0.864667|
+----+---------+---------+
|   4|   0.9996|    0.638|
+----+---------+---------+
|   5|   0.9992| 0.321333|
+----+---------+---------+
END>
Training until now has taken 0 days 0 hours 42 minutes 33 seconds.

===== TRAINING 5-stage =====
<BEGIN
POS count : consumed   2500 : 2504
NEG count : acceptanceRatio    1500 : 0.0131728
Precalculation time: 14
+----+---------+---------+
|  N |    HR   |    FA   |
+----+---------+---------+
|   1|        1|        1|
+----+---------+---------+
|   2|   0.9996|    0.832|
+----+---------+---------+
|   3|   0.9996| 0.863333|
+----+---------+---------+
|   4|   0.9992| 0.753333|
+----+---------+---------+
|   5|   0.9992| 0.549333|
+----+---------+---------+
|   6|   0.9992| 0.348667|
+----+---------+---------+
END>
Training until now has taken 0 days 1 hours 8 minutes 50 seconds.

===== TRAINING 6-stage =====
<BEGIN
POS count : consumed   2500 : 2506
NEG count : acceptanceRatio    1500 : 0.00550192
Precalculation time: 14
+----+---------+---------+
|  N |    HR   |    FA   |
+----+---------+---------+
|   1|        1|        1|
+----+---------+---------+
|   2|        1|        1|
+----+---------+---------+
|   3|        1| 0.925333|
+----+---------+---------+
|   4|        1| 0.795333|
+----+---------+---------+
|   5|   0.9996| 0.497333|
+----+---------+---------+
END>
Training until now has taken 0 days 1 hours 31 minutes 33 seconds.

===== TRAINING 7-stage =====
<BEGIN
POS count : consumed   2500 : 2507
NEG count : acceptanceRatio    1500 : 0.00306684
Precalculation time: 14
+----+---------+---------+
|  N |    HR   |    FA   |
+----+---------+---------+
|   1|        1|        1|
+----+---------+---------+
|   2|        1|        1|
+----+---------+---------+
|   3|   0.9992| 0.794667|
+----+---------+---------+
|   4|   0.9996| 0.785333|
+----+---------+---------+
|   5|   0.9996|    0.666|
+----+---------+---------+
|   6|   0.9992| 0.484667|
+----+---------+---------+
END>
Training until now has taken 0 days 1 hours 56 minutes 51 seconds.

===== TRAINING 8-stage =====
<BEGIN
POS count : consumed   2500 : 2509
NEG count : acceptanceRatio    1500 : 0.00166253
Precalculation time: 14
+----+---------+---------+
|  N |    HR   |    FA   |
+----+---------+---------+
|   1|        1|        1|
+----+---------+---------+
|   2|   0.9992| 0.959333|
+----+---------+---------+
|   3|        1|     0.98|
+----+---------+---------+
|   4|   0.9992| 0.673333|
+----+---------+---------+
|   5|   0.9992| 0.498667|
+----+---------+---------+
END>
Training until now has taken 0 days 2 hours 19 minutes 11 seconds.

===== TRAINING 9-stage =====
<BEGIN
POS count : consumed   2500 : 2511
NEG count : acceptanceRatio    1500 : 0.000884411
Precalculation time: 14
+----+---------+---------+
|  N |    HR   |    FA   |
+----+---------+---------+
|   1|        1|        1|
+----+---------+---------+
|   2|        1|        1|
+----+---------+---------+
|   3|        1|        1|
+----+---------+---------+
|   4|   0.9992| 0.820667|
+----+---------+---------+
|   5|   0.9996| 0.700667|
+----+---------+---------+
|   6|   0.9992| 0.590667|
+----+---------+---------+
|   7|   0.9992| 0.624667|
+----+---------+---------+
|   8|   0.9992| 0.470667|
+----+---------+---------+
END>
Training until now has taken 0 days 2 hours 52 minutes 2 seconds.

===== TRAINING 10-stage =====
<BEGIN
POS count : consumed   2500 : 2513
NEG count : acceptanceRatio    1500 : 0.00045881
Precalculation time: 15
+----+---------+---------+
|  N |    HR   |    FA   |
+----+---------+---------+
|   1|        1|        1|
+----+---------+---------+
|   2|        1|        1|
+----+---------+---------+
|   3|        1|    0.976|
+----+---------+---------+
|   4|   0.9992| 0.876667|
+----+---------+---------+
|   5|   0.9992| 0.664667|
+----+---------+---------+
|   6|   0.9992| 0.698667|
+----+---------+---------+
|   7|   0.9992| 0.489333|
+----+---------+---------+
END>
Training until now has taken 0 days 3 hours 23 minutes 16 seconds.

===== TRAINING 11-stage =====
<BEGIN
POS count : consumed   2500 : 2515
NEG count : acceptanceRatio    1500 : 0.00026156
Precalculation time: 15
+----+---------+---------+
|  N |    HR   |    FA   |
+----+---------+---------+
|   1|        1|        1|
+----+---------+---------+
|   2|        1|        1|
+----+---------+---------+
|   3|   0.9992| 0.948667|
+----+---------+---------+
|   4|   0.9992| 0.812667|
+----+---------+---------+
|   5|   0.9992| 0.826667|
+----+---------+---------+
|   6|   0.9992|    0.678|
+----+---------+---------+
|   7|   0.9992|      0.5|
+----+---------+---------+
END>
Training until now has taken 0 days 3 hours 55 minutes 17 seconds.

===== TRAINING 12-stage =====
<BEGIN
POS count : consumed   2500 : 2517
NEG count : acceptanceRatio    1500 : 0.00014389
Precalculation time: 15
+----+---------+---------+
|  N |    HR   |    FA   |
+----+---------+---------+
|   1|        1|        1|
+----+---------+---------+
|   2|   0.9992|    0.982|
+----+---------+---------+
|   3|        1| 0.949333|
+----+---------+---------+
|   4|   0.9996| 0.796667|
+----+---------+---------+
|   5|   0.9992| 0.684667|
+----+---------+---------+
|   6|   0.9996| 0.736667|
+----+---------+---------+
|   7|   0.9992|    0.614|
+----+---------+---------+
|   8|   0.9992|    0.458|
+----+---------+---------+
END>
Training until now has taken 0 days 4 hours 30 minutes 46 seconds.

===== TRAINING 13-stage =====
<BEGIN
POS count : consumed   2500 : 2519
NEG count : acceptanceRatio    1500 : 7.63582e-05

