PARAMETERS:
cascadeDirName: classifier
vecFileName: samples.vec
bgFileName: negatives.txt
numPos: 1000
numNeg: 600
numStages: 20
precalcValBufSize[Mb] : 2048
precalcIdxBufSize[Mb] : 2048
acceptanceRatioBreakValue : 0.0001
stageType: BOOST
featureType: HAAR
sampleWidth: 25
sampleHeight: 32
boostType: GAB
minHitRate: 0.999
maxFalseAlarmRate: 0.5
weightTrimRate: 0.95
maxDepth: 2
maxWeakCount: 100
mode: ALL
Number of unique features given windowSize [25,32] : 501437

===== TRAINING 0-stage =====
<BEGINPOS count : consumed   1000 : 1000
NEG count : acceptanceRatio    600 : 1
Precalculation time: 15
+----+---------+---------+
|  N |    HR   |    FA   |
+----+---------+---------+
|   1|        1| 0.966667|
+----+---------+---------+
|   2|        1|    0.135|
+----+---------+---------+
END>
Training until now has taken 0 days 0 hours 1 minutes 26 seconds.

===== TRAINING 1-stage =====
<BEGIN
POS count : consumed   1000 : 1000
NEG count : acceptanceRatio    600 : 0.275103
Precalculation time: 15
+----+---------+---------+
|  N |    HR   |    FA   |
+----+---------+---------+
|   1|        1|        1|
+----+---------+---------+
|   2|        1| 0.976667|
+----+---------+---------+
|   3|        1| 0.208333|
+----+---------+---------+
END>
Training until now has taken 0 days 0 hours 3 minutes 17 seconds.

===== TRAINING 2-stage =====
<BEGIN
POS count : consumed   1000 : 1000
NEG count : acceptanceRatio    600 : 0.0574053
Precalculation time: 14
+----+---------+---------+
|  N |    HR   |    FA   |
+----+---------+---------+
|   1|        1|        1|
+----+---------+---------+
|   2|        1|        1|
+----+---------+---------+
|   3|        1|    0.325|
+----+---------+---------+
END>
Training until now has taken 0 days 0 hours 5 minutes 16 seconds.

===== TRAINING 3-stage =====
<BEGIN
POS count : consumed   1000 : 1000
NEG count : acceptanceRatio    600 : 0.0258498
Precalculation time: 14
+----+---------+---------+
|  N |    HR   |    FA   |
+----+---------+---------+
|   1|        1|        1|
+----+---------+---------+
|   2|        1|        1|
+----+---------+---------+
|   3|        1|     0.53|
+----+---------+---------+
|   4|        1| 0.381667|
+----+---------+---------+
END>
Training until now has taken 0 days 0 hours 7 minutes 41 seconds.

===== TRAINING 4-stage =====
<BEGIN
POS count : consumed   1000 : 1000NEG count : acceptanceRatio    600 : 0.0144816
Precalculation time: 14
+----+---------+---------+
|  N |    HR   |    FA   |
+----+---------+---------+
|   1|        1|        1|
+----+---------+---------+
|   2|        1| 0.863333|
+----+---------+---------+
|   3|        1| 0.851667|
+----+---------+---------+
|   4|        1| 0.611667|
+----+---------+---------+
|   5|        1| 0.373333|
+----+---------+---------+
END>
Training until now has taken 0 days 0 hours 11 minutes 1 seconds.

===== TRAINING 5-stage =====
<BEGIN
POS count : consumed   1000 : 1000
NEG count : acceptanceRatio    600 : 0.00613804
Precalculation time: 14
+----+---------+---------+
|  N |    HR   |    FA   |
+----+---------+---------+
|   1|        1|        1|
+----+---------+---------+
|   2|        1|        1|
+----+---------+---------+
|   3|        1|     0.53|
+----+---------+---------+
|   4|        1| 0.346667|
+----+---------+---------+
END>
Training until now has taken 0 days 0 hours 13 minutes 32 seconds.

===== TRAINING 6-stage =====
<BEGIN
POS count : consumed   1000 : 1000
NEG count : acceptanceRatio    600 : 0.00238105
Precalculation time: 15
+----+---------+---------+
|  N |    HR   |    FA   |
+----+---------+---------+
|   1|        1|        1|
+----+---------+---------+
|   2|        1|        1|
+----+---------+---------+
|   3|        1| 0.718333|
+----+---------+---------+
|   4|        1|     0.49|
+----+---------+---------+
END>
Training until now has taken 0 days 0 hours 16 minutes 7 seconds.

===== TRAINING 7-stage =====
<BEGIN
POS count : consumed   1000 : 1000NEG count : acceptanceRatio    600 : 0.00137609
Precalculation time: 14
+----+---------+---------+
|  N |    HR   |    FA   |
+----+---------+---------+
|   1|        1|        1|
+----+---------+---------+
|   2|        1|     0.97|
+----+---------+---------+
|   3|        1| 0.578333|
+----+---------+---------+
|   4|        1| 0.636667|
+----+---------+---------+
|   5|        1|    0.425|
+----+---------+---------+
END>
Training until now has taken 0 days 0 hours 19 minutes 21 seconds.

===== TRAINING 8-stage =====
<BEGIN
POS count : consumed   1000 : 1000
NEG count : acceptanceRatio    600 : 0.000777251
Precalculation time: 15
+----+---------+---------+
|  N |    HR   |    FA   |
+----+---------+---------+
|   1|        1|        1|
+----+---------+---------+
|   2|        1| 0.833333|
+----+---------+---------+
|   3|        1|      0.7|
+----+---------+---------+
|   4|        1| 0.503333|
+----+---------+---------+
|   5|        1| 0.306667|
+----+---------+---------+
END>
Training until now has taken 0 days 0 hours 22 minutes 42 seconds.

===== TRAINING 9-stage =====
<BEGINPOS count : consumed   1000 : 1000
NEG count : acceptanceRatio    600 : 0.000366529
Precalculation time: 14
+----+---------+---------+
|  N |    HR   |    FA   |
+----+---------+---------+
|   1|        1|        1|
+----+---------+---------+
|   2|        1| 0.863333|
+----+---------+---------+
|   3|        1|    0.935|
+----+---------+---------+
|   4|        1|    0.625|
+----+---------+---------+
|   5|        1|    0.395|
+----+---------+---------+
END>
Training until now has taken 0 days 0 hours 26 minutes 1 seconds.

===== TRAINING 10-stage =====
<BEGIN
POS count : consumed   1000 : 1000NEG count : acceptanceRatio    600 : 0.000176445
Precalculation time: 15
+----+---------+---------+
|  N |    HR   |    FA   |
+----+---------+---------+
|   1|        1|        1|
+----+---------+---------+
|   2|        1| 0.903333|
+----+---------+---------+
|   3|        1|     0.86|
+----+---------+---------+
|   4|        1| 0.638333|
+----+---------+---------+
|   5|        1| 0.628333|
+----+---------+---------+
|   6|        1| 0.376667|
+----+---------+---------+
END>
Training until now has taken 0 days 0 hours 30 minutes 1 seconds.

===== TRAINING 11-stage =====
<BEGIN
POS count : consumed   1000 : 1000
NEG count : acceptanceRatio    600 : 7.74062e-05
The required acceptanceRatio for the model has been reached to avoid overfitting of trainingdata. Branch training terminated.
