(base) [erich584@etuxbox ML-Project-Attendance-Counter]$ opencv_traincascade -data classifier -vec samples.vec -bg negatives.txt -numPos 4350 -numNeg 3000 -numStages 20 -acceptanceRatioBreakValue 4e-5 -precalcValBufSize 1024 -precalcIdxBufSize 1024 -featureType HAAR -minHitRate 0.999 -maxDepth 2 -mode ALL -maxFalseAlarmRate 0.5 -w 25 -h 32 | tee output_5_4e-5.log
---------------------------------------------------------------------------------
Training parameters are pre-loaded from the parameter file in data folder!
Please empty this folder if you want to use a NEW set of training parameters.
---------------------------------------------------------------------------------
PARAMETERS:
cascadeDirName: classifier
vecFileName: samples.vec
bgFileName: negatives.txt
numPos: 4350
numNeg: 3000
numStages: 20
precalcValBufSize[Mb] : 1024
precalcIdxBufSize[Mb] : 1024
acceptanceRatioBreakValue : 4e-05
stageType: BOOST
featureType: HAAR
sampleWidth: 25
sampleHeight: 32
boostType: GAB
minHitRate: 0.999
maxFalseAlarmRate: 0.5
weightTrimRate: 0.95
maxDepth: 2
maxWeakCount: 100
mode: ALL
Number of unique features given windowSize [25,32] : 501437

Stages 0-11 are loaded

===== TRAINING 12-stage =====
<BEGIN
POS count : consumed   4350 : 4392
NEG count : acceptanceRatio    3000 : 4.89127e-05
Precalculation time: 17
+----+---------+---------+
|  N |    HR   |    FA   |
+----+---------+---------+
|   1|        1|        1|
+----+---------+---------+
|   2|        1|        1|
+----+---------+---------+
|   3|        1|        1|
+----+---------+---------+
|   4|  0.99977|    0.967|
+----+---------+---------+
|   5|  0.99954|    0.858|
+----+---------+---------+
|   6|  0.99908|    0.731|
+----+---------+---------+
|   7|        1| 0.775333|
+----+---------+---------+
|   8|  0.99954|    0.598|
+----+---------+---------+
|   9|  0.99908| 0.512667|
+----+---------+---------+
|  10|  0.99908| 0.497333|
+----+---------+---------+
END>
Training until now has taken 0 days 1 hours 35 minutes 33 seconds.

===== TRAINING 13-stage =====
<BEGIN
POS count : consumed   4350 : 4396
NEG count : acceptanceRatio    3000 : 3.02339e-05
The required acceptanceRatio for the model has been reached to avoid overfitting of trainingdata. Branch training terminated.

